<?xml version="1.0" encoding="UTF-8"?>
<testsuite name="ParserTest" tests="7" skipped="0" failures="0" errors="0" timestamp="2021-03-31T22:34:39" hostname="C02Z55A2LVDQ.corp.qc" time="0.015">
  <properties/>
  <testcase name="intervalCoversRange()" classname="ParserTest" time="0.01"/>
  <testcase name="getParsedValueForMultipleValueParser()" classname="ParserTest" time="0.0"/>
  <testcase name="getParsedValueForRange()" classname="ParserTest" time="0.0"/>
  <testcase name="getParsedValuesForSingleValuedRange()" classname="ParserTest" time="0.001"/>
  <testcase name="intervalStartingAtBegining()" classname="ParserTest" time="0.0"/>
  <testcase name="getParsedValuesForAllValueParser()" classname="ParserTest" time="0.0"/>
  <testcase name="intervalStartingAtAValue()" classname="ParserTest" time="0.001"/>
  <system-out><![CDATA[]]></system-out>
  <system-err><![CDATA[]]></system-err>
</testsuite>
